<?xml version="1.0" encoding="UTF-8"?>
<testng-results skipped="0" failed="0" total="2" passed="2">
  <reporter-output>
  </reporter-output>
  <suite name="Default suite" duration-ms="24223" started-at="2020-02-13T15:40:37Z" finished-at="2020-02-13T15:41:01Z">
    <groups>
    </groups>
    <test name="Default test" duration-ms="24223" started-at="2020-02-13T15:40:37Z" finished-at="2020-02-13T15:41:01Z">
      <class name="CitiusTechGroup.HealthCareProject.MavenDemo">
        <test-method status="PASS" signature="test1()[pri:0, instance:CitiusTechGroup.HealthCareProject.MavenDemo@62ee68d8]" name="test1" duration-ms="24212" started-at="2020-02-13T21:10:37Z" finished-at="2020-02-13T21:11:01Z">
          <reporter-output>
          </reporter-output>
        </test-method> <!-- test1 -->
        <test-method status="PASS" signature="test2()[pri:0, instance:CitiusTechGroup.HealthCareProject.MavenDemo@62ee68d8]" name="test2" duration-ms="0" started-at="2020-02-13T21:11:01Z" finished-at="2020-02-13T21:11:01Z">
          <reporter-output>
          </reporter-output>
        </test-method> <!-- test2 -->
      </class> <!-- CitiusTechGroup.HealthCareProject.MavenDemo -->
    </test> <!-- Default test -->
  </suite> <!-- Default suite -->
</testng-results>
